<?xml version="1.0" encoding="UTF-8"?>
<beans xmlns:xsi="http://www.w3.org/2001/XMLSchema-instance"
       xmlns:tx="http://www.springframework.org/schema/tx"
       xmlns="http://www.springframework.org/schema/beans"
       xsi:schemaLocation="http://www.springframework.org/schema/tx
        http://www.springframework.org/schema/tx/spring-tx.xsd
        http://www.springframework.org/schema/beans
       http://www.springframework.org/schema/beans/spring-beans.xsd">

    <tx:annotation-driven/>

    <bean id="namedParameterJdbcTemplate" class="org.springframework.jdbc.core.namedparam.NamedParameterJdbcTemplate">
        <constructor-arg name="dataSource" ref="dataSource"/>
    </bean>

    <bean id="categoryDao" class="com.training.payments.dao.CategoryDaoJdbcImpl">
        <constructor-arg ref="namedParameterJdbcTemplate"/>
    </bean>

    <bean id="paymentDao" class="com.training.payments.dao.PaymentDaoJdbcImpl">
        <constructor-arg ref="namedParameterJdbcTemplate"/>
    </bean>

    <bean id="categoryService" class="com.training.payments.service.CategoryServiceImpl">
        <constructor-arg ref="categoryDao"/>
    </bean>

    <bean id="paymentService" class="com.training.payments.service.PaymentServiceImpl">
        <constructor-arg ref="paymentDao"/>
    </bean>

</beans>